{"timestamp": "2026-04-14T16:02:03.397688", "level": "INFO", "logger": "__main__", "message": "============================================================", "module": "logging_config", "function": "_log_with_extra", "line": 108}
{"timestamp": "2026-04-14T16:02:03.398689", "level": "INFO", "logger": "__main__", "message": "Starting Dark Web OSINT Daemon", "module": "logging_config", "function": "_log_with_extra", "line": 108}
{"timestamp": "2026-04-14T16:02:03.399689", "level": "INFO", "logger": "__main__", "message": "============================================================", "module": "logging_config", "function": "_log_with_extra", "line": 108}
{"timestamp": "2026-04-14T16:02:03.400689", "level": "INFO", "logger": "__main__", "message": "Scheduled jobs configured:", "module": "logging_config", "function": "_log_with_extra", "line": 108}
{"timestamp": "2026-04-14T16:02:03.401688", "level": "INFO", "logger": "__main__", "message": "  - Crawl cycle every 60 minutes", "module": "logging_config", "function": "_log_with_extra", "line": 108}
{"timestamp": "2026-04-14T16:02:03.402690", "level": "INFO", "logger": "__main__", "message": "  - Daily backup at 03:00", "module": "logging_config", "function": "_log_with_extra", "line": 108}
{"timestamp": "2026-04-14T16:02:03.403690", "level": "INFO", "logger": "__main__", "message": "  - Health check every 30 minutes", "module": "logging_config", "function": "_log_with_extra", "line": 108}
{"timestamp": "2026-04-14T16:02:03.404689", "level": "INFO", "logger": "__main__", "message": "  - Active window: 0:00 - 23:59", "module": "logging_config", "function": "_log_with_extra", "line": 108}
{"timestamp": "2026-04-14T16:02:03.404689", "level": "INFO", "logger": "__main__", "message": "Daemon started successfully. Entering job loop...", "module": "logging_config", "function": "_log_with_extra", "line": 108}
{"timestamp": "2026-04-14T16:32:05.639754", "level": "INFO", "logger": "__main__", "message": "EVENT: health_check", "module": "logging_config", "function": "_log_with_extra", "line": 106, "event_type": "health_check", "status": "critical", "cpu_percent": 8.9, "success_rate": null}
{"timestamp": "2026-04-14T16:32:05.640731", "level": "CRITICAL", "logger": "__main__", "message": "System health critical!", "module": "logging_config", "function": "_log_with_extra", "line": 108}
{"timestamp": "2026-04-14T17:02:05.884095", "level": "INFO", "logger": "__main__", "message": "EVENT: crawl_cycle_started", "module": "logging_config", "function": "_log_with_extra", "line": 106, "event_type": "crawl_cycle_started", "time": "2026-04-14T17:02:05.883083"}
{"timestamp": "2026-04-14T17:09:45.520292", "level": "INFO", "logger": "__main__", "message": "EVENT: crawl_cycle_completed", "module": "logging_config", "function": "_log_with_extra", "line": 106, "event_type": "crawl_cycle_completed", "time": "2026-04-14T17:09:45.520292"}
{"timestamp": "2026-04-14T17:09:47.553721", "level": "INFO", "logger": "__main__", "message": "EVENT: health_check", "module": "logging_config", "function": "_log_with_extra", "line": 106, "event_type": "health_check", "status": "critical", "cpu_percent": 12.6, "success_rate": null}
{"timestamp": "2026-04-14T17:09:47.553721", "level": "CRITICAL", "logger": "__main__", "message": "System health critical!", "module": "logging_config", "function": "_log_with_extra", "line": 108}
{"timestamp": "2026-04-14T17:39:49.821378", "level": "INFO", "logger": "__main__", "message": "EVENT: health_check", "module": "logging_config", "function": "_log_with_extra", "line": 106, "event_type": "health_check", "status": "critical", "cpu_percent": 15.7, "success_rate": null}
{"timestamp": "2026-04-14T17:39:49.822373", "level": "CRITICAL", "logger": "__main__", "message": "System health critical!", "module": "logging_config", "function": "_log_with_extra", "line": 108}
{"timestamp": "2026-04-14T18:09:50.054751", "level": "INFO", "logger": "__main__", "message": "EVENT: crawl_cycle_started", "module": "logging_config", "function": "_log_with_extra", "line": 106, "event_type": "crawl_cycle_started", "time": "2026-04-14T18:09:50.053858"}
{"timestamp": "2026-04-14T18:13:33.762331", "level": "INFO", "logger": "__main__", "message": "============================================================", "module": "logging_config", "function": "_log_with_extra", "line": 108}
{"timestamp": "2026-04-14T18:13:33.763331", "level": "INFO", "logger": "__main__", "message": "Starting Dark Web OSINT Daemon", "module": "logging_config", "function": "_log_with_extra", "line": 108}
{"timestamp": "2026-04-14T18:13:33.763331", "level": "INFO", "logger": "__main__", "message": "============================================================", "module": "logging_config", "function": "_log_with_extra", "line": 108}
{"timestamp": "2026-04-14T18:13:33.765331", "level": "INFO", "logger": "__main__", "message": "Scheduled jobs configured:", "module": "logging_config", "function": "_log_with_extra", "line": 108}
{"timestamp": "2026-04-14T18:13:33.766332", "level": "INFO", "logger": "__main__", "message": "  - Crawl cycle every 60 minutes", "module": "logging_config", "function": "_log_with_extra", "line": 108}
{"timestamp": "2026-04-14T18:13:33.766332", "level": "INFO", "logger": "__main__", "message": "  - Daily backup at 03:00", "module": "logging_config", "function": "_log_with_extra", "line": 108}
{"timestamp": "2026-04-14T18:13:33.767332", "level": "INFO", "logger": "__main__", "message": "  - Health check every 30 minutes", "module": "logging_config", "function": "_log_with_extra", "line": 108}
{"timestamp": "2026-04-14T18:13:33.768332", "level": "INFO", "logger": "__main__", "message": "  - Active window: 0:00 - 23:59", "module": "logging_config", "function": "_log_with_extra", "line": 108}
{"timestamp": "2026-04-14T18:13:33.774332", "level": "INFO", "logger": "__main__", "message": "Daemon started successfully. Entering job loop...", "module": "logging_config", "function": "_log_with_extra", "line": 108}
{"timestamp": "2026-04-14T18:14:15.779920", "level": "INFO", "logger": "__main__", "message": "============================================================", "module": "logging_config", "function": "_log_with_extra", "line": 108}
{"timestamp": "2026-04-14T18:14:15.780919", "level": "INFO", "logger": "__main__", "message": "Starting Dark Web OSINT Daemon", "module": "logging_config", "function": "_log_with_extra", "line": 108}
{"timestamp": "2026-04-14T18:14:15.781936", "level": "INFO", "logger": "__main__", "message": "============================================================", "module": "logging_config", "function": "_log_with_extra", "line": 108}
{"timestamp": "2026-04-14T18:14:15.783930", "level": "INFO", "logger": "__main__", "message": "Scheduled jobs configured:", "module": "logging_config", "function": "_log_with_extra", "line": 108}
{"timestamp": "2026-04-14T18:14:15.784271", "level": "INFO", "logger": "__main__", "message": "  - Crawl cycle every 60 minutes", "module": "logging_config", "function": "_log_with_extra", "line": 108}
{"timestamp": "2026-04-14T18:14:15.784271", "level": "INFO", "logger": "__main__", "message": "  - Daily backup at 03:00", "module": "logging_config", "function": "_log_with_extra", "line": 108}
{"timestamp": "2026-04-14T18:14:15.785273", "level": "INFO", "logger": "__main__", "message": "  - Health check every 30 minutes", "module": "logging_config", "function": "_log_with_extra", "line": 108}
{"timestamp": "2026-04-14T18:14:15.785273", "level": "INFO", "logger": "__main__", "message": "  - Active window: 0:00 - 23:59", "module": "logging_config", "function": "_log_with_extra", "line": 108}
{"timestamp": "2026-04-14T18:14:15.786274", "level": "INFO", "logger": "__main__", "message": "Daemon started successfully. Entering job loop...", "module": "logging_config", "function": "_log_with_extra", "line": 108}
